<?xml version="1.0" encoding="UTF-8"?>
<coverage generated="1782505049">
  <project timestamp="1782505049" name="Clover Coverage">
    <package name="App\Casts">
      <file name="/home/runner/work/lockpick_gothic_bot/lockpick_gothic_bot/app/app/Casts/AsLock.php">
        <class name="App\Casts\AsLock" namespace="App\Casts">
          <metrics complexity="2" methods="2" coveredmethods="1" conditionals="0" coveredconditionals="0" statements="2" coveredstatements="1" elements="4" coveredelements="2"/>
        </class>
        <line num="17" type="method" name="get" visibility="public" complexity="1" crap="1" count="6"/>
        <line num="19" type="stmt" count="6"/>
        <line num="25" type="method" name="set" visibility="public" complexity="1" crap="2" count="0"/>
        <line num="27" type="stmt" count="0"/>
        <metrics loc="30" ncloc="23" classes="1" methods="2" coveredmethods="1" conditionals="0" coveredconditionals="0" statements="2" coveredstatements="1" elements="4" coveredelements="2"/>
      </file>
      <file name="/home/runner/work/lockpick_gothic_bot/lockpick_gothic_bot/app/app/Casts/AsLockConfiguration.php">
        <class name="App\Casts\AsLockConfiguration" namespace="App\Casts">
          <metrics complexity="8" methods="2" coveredmethods="0" conditionals="0" coveredconditionals="0" statements="27" coveredstatements="24" elements="29" coveredelements="24"/>
        </class>
        <line num="18" type="method" name="get" visibility="public" complexity="4" crap="4.02" count="3"/>
        <line num="20" type="stmt" count="3"/>
        <line num="21" type="stmt" count="0"/>
        <line num="24" type="stmt" count="3"/>
        <line num="25" type="stmt" count="3"/>
        <line num="26" type="stmt" count="3"/>
        <line num="27" type="stmt" count="3"/>
        <line num="28" type="stmt" count="3"/>
        <line num="29" type="stmt" count="3"/>
        <line num="31" type="stmt" count="3"/>
        <line num="33" type="stmt" count="3"/>
        <line num="39" type="method" name="set" visibility="public" complexity="4" crap="4.03" count="27"/>
        <line num="41" type="stmt" count="27"/>
        <line num="42" type="stmt" count="0"/>
        <line num="44" type="stmt" count="27"/>
        <line num="45" type="stmt" count="0"/>
        <line num="47" type="stmt" count="27"/>
        <line num="48" type="stmt" count="27"/>
        <line num="49" type="stmt" count="27"/>
        <line num="50" type="stmt" count="27"/>
        <line num="51" type="stmt" count="27"/>
        <line num="52" type="stmt" count="27"/>
        <line num="53" type="stmt" count="27"/>
        <line num="54" type="stmt" count="27"/>
        <line num="55" type="stmt" count="27"/>
        <line num="56" type="stmt" count="27"/>
        <line num="57" type="stmt" count="27"/>
        <line num="58" type="stmt" count="27"/>
        <line num="60" type="stmt" count="27"/>
        <metrics loc="63" ncloc="57" classes="1" methods="2" coveredmethods="0" conditionals="0" coveredconditionals="0" statements="27" coveredstatements="24" elements="29" coveredelements="24"/>
      </file>
      <file name="/home/runner/work/lockpick_gothic_bot/lockpick_gothic_bot/app/app/Casts/AsLockState.php">
        <class name="App\Casts\AsLockState" namespace="App\Casts">
          <metrics complexity="7" methods="2" coveredmethods="0" conditionals="0" coveredconditionals="0" statements="18" coveredstatements="15" elements="20" coveredelements="15"/>
        </class>
        <line num="16" type="method" name="get" visibility="public" complexity="3" crap="3.03" count="3"/>
        <line num="18" type="stmt" count="3"/>
        <line num="19" type="stmt" count="0"/>
        <line num="22" type="stmt" count="3"/>
        <line num="23" type="stmt" count="3"/>
        <line num="24" type="stmt" count="3"/>
        <line num="25" type="stmt" count="3"/>
        <line num="27" type="stmt" count="3"/>
        <line num="33" type="method" name="set" visibility="public" complexity="4" crap="4.10" count="6"/>
        <line num="35" type="stmt" count="6"/>
        <line num="36" type="stmt" count="0"/>
        <line num="38" type="stmt" count="6"/>
        <line num="39" type="stmt" count="0"/>
        <line num="41" type="stmt" count="6"/>
        <line num="42" type="stmt" count="6"/>
        <line num="43" type="stmt" count="6"/>
        <line num="44" type="stmt" count="6"/>
        <line num="45" type="stmt" count="6"/>
        <line num="46" type="stmt" count="6"/>
        <line num="48" type="stmt" count="6"/>
        <metrics loc="51" ncloc="45" classes="1" methods="2" coveredmethods="0" conditionals="0" coveredconditionals="0" statements="18" coveredstatements="15" elements="20" coveredelements="15"/>
      </file>
    </package>
    <package name="App\Console\Commands">
      <file name="/home/runner/work/lockpick_gothic_bot/lockpick_gothic_bot/app/app/Console/Commands/BotPoll.php">
        <class name="App\Console\Commands\BotPoll" namespace="App\Console\Commands">
          <metrics complexity="2" methods="1" coveredmethods="0" conditionals="0" coveredconditionals="0" statements="4" coveredstatements="0" elements="5" coveredelements="0"/>
        </class>
        <line num="16" type="method" name="handle" visibility="public" complexity="2" crap="6" count="0"/>
        <line num="19" type="stmt" count="0"/>
        <line num="20" type="stmt" count="0"/>
        <line num="21" type="stmt" count="0"/>
        <line num="24" type="stmt" count="0"/>
        <metrics loc="27" ncloc="27" classes="1" methods="1" coveredmethods="0" conditionals="0" coveredconditionals="0" statements="4" coveredstatements="0" elements="5" coveredelements="0"/>
      </file>
      <file name="/home/runner/work/lockpick_gothic_bot/lockpick_gothic_bot/app/app/Console/Commands/BotWork.php">
        <class name="App\Console\Commands\BotWork" namespace="App\Console\Commands">
          <metrics complexity="3" methods="1" coveredmethods="0" conditionals="0" coveredconditionals="0" statements="5" coveredstatements="0" elements="6" coveredelements="0"/>
        </class>
        <line num="16" type="method" name="handle" visibility="public" complexity="3" crap="12" count="0"/>
        <line num="18" type="stmt" count="0"/>
        <line num="20" type="stmt" count="0"/>
        <line num="21" type="stmt" count="0"/>
        <line num="22" type="stmt" count="0"/>
        <line num="26" type="stmt" count="0"/>
        <metrics loc="29" ncloc="29" classes="1" methods="1" coveredmethods="0" conditionals="0" coveredconditionals="0" statements="5" coveredstatements="0" elements="6" coveredelements="0"/>
      </file>
    </package>
    <file name="/home/runner/work/lockpick_gothic_bot/lockpick_gothic_bot/app/app/Enums/Direction.php">
      <metrics loc="12" ncloc="12" classes="0" methods="0" coveredmethods="0" conditionals="0" coveredconditionals="0" statements="0" coveredstatements="0" elements="0" coveredelements="0"/>
    </file>
    <file name="/home/runner/work/lockpick_gothic_bot/lockpick_gothic_bot/app/app/Enums/Status.php">
      <metrics loc="16" ncloc="16" classes="0" methods="0" coveredmethods="0" conditionals="0" coveredconditionals="0" statements="0" coveredstatements="0" elements="0" coveredelements="0"/>
    </file>
    <package name="App\Http\Controllers">
      <file name="/home/runner/work/lockpick_gothic_bot/lockpick_gothic_bot/app/app/Http/Controllers/Controller.php">
        <class name="App\Http\Controllers\Controller" namespace="App\Http\Controllers">
          <metrics complexity="0" methods="0" coveredmethods="0" conditionals="0" coveredconditionals="0" statements="0" coveredstatements="0" elements="0" coveredelements="0"/>
        </class>
        <metrics loc="9" ncloc="8" classes="0" methods="0" coveredmethods="0" conditionals="0" coveredconditionals="0" statements="0" coveredstatements="0" elements="0" coveredelements="0"/>
      </file>
    </package>
    <package name="App\Http\Middleware">
      <file name="/home/runner/work/lockpick_gothic_bot/lockpick_gothic_bot/app/app/Http/Middleware/JsonAcceptHeader.php">
        <class name="App\Http\Middleware\JsonAcceptHeader" namespace="App\Http\Middleware">
          <metrics complexity="1" methods="1" coveredmethods="0" conditionals="0" coveredconditionals="0" statements="2" coveredstatements="0" elements="3" coveredelements="0"/>
        </class>
        <line num="16" type="method" name="handle" visibility="public" complexity="1" crap="2" count="0"/>
        <line num="18" type="stmt" count="0"/>
        <line num="19" type="stmt" count="0"/>
        <metrics loc="22" ncloc="16" classes="1" methods="1" coveredmethods="0" conditionals="0" coveredconditionals="0" statements="2" coveredstatements="0" elements="3" coveredelements="0"/>
      </file>
      <file name="/home/runner/work/lockpick_gothic_bot/lockpick_gothic_bot/app/app/Http/Middleware/RequestLogger.php">
        <class name="App\Http\Middleware\RequestLogger" namespace="App\Http\Middleware">
          <metrics complexity="1" methods="1" coveredmethods="0" conditionals="0" coveredconditionals="0" statements="9" coveredstatements="0" elements="10" coveredelements="0"/>
        </class>
        <line num="17" type="method" name="handle" visibility="public" complexity="1" crap="2" count="0"/>
        <line num="19" type="stmt" count="0"/>
        <line num="21" type="stmt" count="0"/>
        <line num="22" type="stmt" count="0"/>
        <line num="23" type="stmt" count="0"/>
        <line num="24" type="stmt" count="0"/>
        <line num="25" type="stmt" count="0"/>
        <line num="26" type="stmt" count="0"/>
        <line num="27" type="stmt" count="0"/>
        <line num="28" type="stmt" count="0"/>
        <metrics loc="31" ncloc="25" classes="1" methods="1" coveredmethods="0" conditionals="0" coveredconditionals="0" statements="9" coveredstatements="0" elements="10" coveredelements="0"/>
      </file>
    </package>
    <package name="App\Models">
      <file name="/home/runner/work/lockpick_gothic_bot/lockpick_gothic_bot/app/app/Models/Lockpick.php">
        <class name="App\Models\Lockpick" namespace="App\Models">
          <metrics complexity="5" methods="5" coveredmethods="5" conditionals="0" coveredconditionals="0" statements="9" coveredstatements="9" elements="14" coveredelements="14"/>
        </class>
        <line num="46" type="method" name="casts" visibility="protected" complexity="1" crap="1" count="27"/>
        <line num="48" type="stmt" count="27"/>
        <line num="49" type="stmt" count="27"/>
        <line num="50" type="stmt" count="27"/>
        <line num="51" type="stmt" count="27"/>
        <line num="52" type="stmt" count="27"/>
        <line num="55" type="method" name="chat" visibility="public" complexity="1" crap="1" count="6"/>
        <line num="57" type="stmt" count="6"/>
        <line num="60" type="method" name="status" visibility="public" complexity="1" crap="1" count="5"/>
        <line num="62" type="stmt" count="5"/>
        <line num="65" type="method" name="historyStep" visibility="public" complexity="1" crap="1" count="1"/>
        <line num="67" type="stmt" count="1"/>
        <line num="70" type="method" name="history" visibility="public" complexity="1" crap="1" count="5"/>
        <line num="72" type="stmt" count="5"/>
        <metrics loc="75" ncloc="56" classes="1" methods="5" coveredmethods="5" conditionals="0" coveredconditionals="0" statements="9" coveredstatements="9" elements="14" coveredelements="14"/>
      </file>
      <file name="/home/runner/work/lockpick_gothic_bot/lockpick_gothic_bot/app/app/Models/LockpickHistory.php">
        <class name="App\Models\LockpickHistory" namespace="App\Models">
          <metrics complexity="2" methods="2" coveredmethods="1" conditionals="0" coveredconditionals="0" statements="5" coveredstatements="4" elements="7" coveredelements="5"/>
        </class>
        <line num="29" type="method" name="casts" visibility="protected" complexity="1" crap="1" count="5"/>
        <line num="31" type="stmt" count="5"/>
        <line num="32" type="stmt" count="5"/>
        <line num="33" type="stmt" count="5"/>
        <line num="34" type="stmt" count="5"/>
        <line num="37" type="method" name="lockpick" visibility="public" complexity="1" crap="2" count="0"/>
        <line num="39" type="stmt" count="0"/>
        <metrics loc="42" ncloc="29" classes="1" methods="2" coveredmethods="1" conditionals="0" coveredconditionals="0" statements="5" coveredstatements="4" elements="7" coveredelements="5"/>
      </file>
      <file name="/home/runner/work/lockpick_gothic_bot/lockpick_gothic_bot/app/app/Models/LockpickStatus.php">
        <class name="App\Models\LockpickStatus" namespace="App\Models">
          <metrics complexity="2" methods="2" coveredmethods="2" conditionals="0" coveredconditionals="0" statements="4" coveredstatements="4" elements="6" coveredelements="6"/>
        </class>
        <line num="27" type="method" name="casts" visibility="protected" complexity="1" crap="1" count="6"/>
        <line num="29" type="stmt" count="6"/>
        <line num="30" type="stmt" count="6"/>
        <line num="31" type="stmt" count="6"/>
        <line num="34" type="method" name="firstByName" visibility="public" complexity="1" crap="1" count="6"/>
        <line num="36" type="stmt" count="6"/>
        <metrics loc="39" ncloc="26" classes="1" methods="2" coveredmethods="2" conditionals="0" coveredconditionals="0" statements="4" coveredstatements="4" elements="6" coveredelements="6"/>
      </file>
      <file name="/home/runner/work/lockpick_gothic_bot/lockpick_gothic_bot/app/app/Models/TelegraphBot.php">
        <class name="App\Models\TelegraphBot" namespace="App\Models">
          <metrics complexity="0" methods="0" coveredmethods="0" conditionals="0" coveredconditionals="0" statements="0" coveredstatements="0" elements="0" coveredelements="0"/>
        </class>
        <metrics loc="31" ncloc="20" classes="0" methods="0" coveredmethods="0" conditionals="0" coveredconditionals="0" statements="0" coveredstatements="0" elements="0" coveredelements="0"/>
      </file>
      <file name="/home/runner/work/lockpick_gothic_bot/lockpick_gothic_bot/app/app/Models/User.php">
        <class name="App\Models\User" namespace="App\Models">
          <metrics complexity="1" methods="1" coveredmethods="0" conditionals="0" coveredconditionals="0" statements="4" coveredstatements="0" elements="5" coveredelements="0"/>
        </class>
        <line num="67" type="method" name="casts" visibility="protected" complexity="1" crap="2" count="0"/>
        <line num="69" type="stmt" count="0"/>
        <line num="70" type="stmt" count="0"/>
        <line num="71" type="stmt" count="0"/>
        <line num="72" type="stmt" count="0"/>
        <metrics loc="75" ncloc="32" classes="1" methods="1" coveredmethods="0" conditionals="0" coveredconditionals="0" statements="4" coveredstatements="0" elements="5" coveredelements="0"/>
      </file>
    </package>
    <package name="App\Providers">
      <file name="/home/runner/work/lockpick_gothic_bot/lockpick_gothic_bot/app/app/Providers/AppServiceProvider.php">
        <class name="App\Providers\AppServiceProvider" namespace="App\Providers">
          <metrics complexity="2" methods="2" coveredmethods="2" conditionals="0" coveredconditionals="0" statements="2" coveredstatements="2" elements="4" coveredelements="4"/>
        </class>
        <line num="12" type="method" name="register" visibility="public" complexity="1" crap="1" count="6"/>
        <line num="15" type="stmt" count="6"/>
        <line num="20" type="method" name="boot" visibility="public" complexity="1" crap="1" count="6"/>
        <line num="22" type="stmt" count="6"/>
        <metrics loc="24" ncloc="17" classes="1" methods="2" coveredmethods="2" conditionals="0" coveredconditionals="0" statements="2" coveredstatements="2" elements="4" coveredelements="4"/>
      </file>
    </package>
    <package name="App\Service\Poll">
      <file name="/home/runner/work/lockpick_gothic_bot/lockpick_gothic_bot/app/app/Service/Poll/PollHandler.php">
        <class name="App\Service\Poll\PollHandler" namespace="App\Service\Poll">
          <metrics complexity="27" methods="4" coveredmethods="0" conditionals="0" coveredconditionals="0" statements="71" coveredstatements="0" elements="75" coveredelements="0"/>
        </class>
        <line num="26" type="method" name="__construct" visibility="public" complexity="1" crap="2" count="0"/>
        <line num="28" type="stmt" count="0"/>
        <line num="30" type="method" name="handle" visibility="public" complexity="6" crap="42" count="0"/>
        <line num="32" type="stmt" count="0"/>
        <line num="34" type="stmt" count="0"/>
        <line num="35" type="stmt" count="0"/>
        <line num="38" type="stmt" count="0"/>
        <line num="40" type="stmt" count="0"/>
        <line num="41" type="stmt" count="0"/>
        <line num="42" type="stmt" count="0"/>
        <line num="43" type="stmt" count="0"/>
        <line num="44" type="stmt" count="0"/>
        <line num="45" type="stmt" count="0"/>
        <line num="48" type="stmt" count="0"/>
        <line num="49" type="stmt" count="0"/>
        <line num="53" type="method" name="handleByMessage" visibility="private" complexity="8" crap="72" count="0"/>
        <line num="56" type="stmt" count="0"/>
        <line num="58" type="stmt" count="0"/>
        <line num="60" type="stmt" count="0"/>
        <line num="62" type="stmt" count="0"/>
        <line num="63" type="stmt" count="0"/>
        <line num="64" type="stmt" count="0"/>
        <line num="65" type="stmt" count="0"/>
        <line num="66" type="stmt" count="0"/>
        <line num="67" type="stmt" count="0"/>
        <line num="68" type="stmt" count="0"/>
        <line num="69" type="stmt" count="0"/>
        <line num="70" type="stmt" count="0"/>
        <line num="71" type="stmt" count="0"/>
        <line num="72" type="stmt" count="0"/>
        <line num="73" type="stmt" count="0"/>
        <line num="74" type="stmt" count="0"/>
        <line num="75" type="stmt" count="0"/>
        <line num="76" type="stmt" count="0"/>
        <line num="77" type="stmt" count="0"/>
        <line num="78" type="stmt" count="0"/>
        <line num="79" type="stmt" count="0"/>
        <line num="80" type="stmt" count="0"/>
        <line num="81" type="stmt" count="0"/>
        <line num="82" type="stmt" count="0"/>
        <line num="83" type="stmt" count="0"/>
        <line num="84" type="stmt" count="0"/>
        <line num="85" type="stmt" count="0"/>
        <line num="89" type="method" name="handleByCallback" visibility="private" complexity="12" crap="156" count="0"/>
        <line num="91" type="stmt" count="0"/>
        <line num="93" type="stmt" count="0"/>
        <line num="94" type="stmt" count="0"/>
        <line num="97" type="stmt" count="0"/>
        <line num="99" type="stmt" count="0"/>
        <line num="100" type="stmt" count="0"/>
        <line num="104" type="stmt" count="0"/>
        <line num="106" type="stmt" count="0"/>
        <line num="108" type="stmt" count="0"/>
        <line num="110" type="stmt" count="0"/>
        <line num="111" type="stmt" count="0"/>
        <line num="114" type="stmt" count="0"/>
        <line num="116" type="stmt" count="0"/>
        <line num="117" type="stmt" count="0"/>
        <line num="118" type="stmt" count="0"/>
        <line num="119" type="stmt" count="0"/>
        <line num="122" type="stmt" count="0"/>
        <line num="123" type="stmt" count="0"/>
        <line num="124" type="stmt" count="0"/>
        <line num="125" type="stmt" count="0"/>
        <line num="128" type="stmt" count="0"/>
        <line num="129" type="stmt" count="0"/>
        <line num="130" type="stmt" count="0"/>
        <line num="132" type="stmt" count="0"/>
        <line num="133" type="stmt" count="0"/>
        <line num="134" type="stmt" count="0"/>
        <line num="135" type="stmt" count="0"/>
        <line num="136" type="stmt" count="0"/>
        <line num="137" type="stmt" count="0"/>
        <line num="138" type="stmt" count="0"/>
        <line num="139" type="stmt" count="0"/>
        <metrics loc="143" ncloc="139" classes="1" methods="4" coveredmethods="0" conditionals="0" coveredconditionals="0" statements="71" coveredstatements="0" elements="75" coveredelements="0"/>
      </file>
    </package>
    <package name="App\Service\UnlockStates">
      <file name="/home/runner/work/lockpick_gothic_bot/lockpick_gothic_bot/app/app/Service/UnlockStates/FullInstructionHandler.php">
        <class name="App\Service\UnlockStates\FullInstructionHandler" namespace="App\Service\UnlockStates">
          <metrics complexity="6" methods="3" coveredmethods="3" conditionals="0" coveredconditionals="0" statements="22" coveredstatements="22" elements="25" coveredelements="25"/>
        </class>
        <line num="16" type="method" name="__construct" visibility="public" complexity="1" crap="1" count="1"/>
        <line num="18" type="stmt" count="1"/>
        <line num="20" type="method" name="handle" visibility="public" complexity="1" crap="1" count="1"/>
        <line num="22" type="stmt" count="1"/>
        <line num="23" type="stmt" count="1"/>
        <line num="24" type="stmt" count="1"/>
        <line num="25" type="stmt" count="1"/>
        <line num="26" type="stmt" count="1"/>
        <line num="27" type="stmt" count="1"/>
        <line num="28" type="stmt" count="1"/>
        <line num="31" type="method" name="generateInstruction" visibility="private" complexity="4" crap="4" count="1"/>
        <line num="33" type="stmt" count="1"/>
        <line num="34" type="stmt" count="1"/>
        <line num="35" type="stmt" count="1"/>
        <line num="37" type="stmt" count="1"/>
        <line num="38" type="stmt" count="1"/>
        <line num="39" type="stmt" count="1"/>
        <line num="42" type="stmt" count="1"/>
        <line num="43" type="stmt" count="1"/>
        <line num="44" type="stmt" count="1"/>
        <line num="45" type="stmt" count="1"/>
        <line num="46" type="stmt" count="1"/>
        <line num="47" type="stmt" count="1"/>
        <line num="48" type="stmt" count="1"/>
        <line num="51" type="stmt" count="1"/>
        <metrics loc="54" ncloc="54" classes="1" methods="3" coveredmethods="3" conditionals="0" coveredconditionals="0" statements="22" coveredstatements="22" elements="25" coveredelements="25"/>
      </file>
      <file name="/home/runner/work/lockpick_gothic_bot/lockpick_gothic_bot/app/app/Service/UnlockStates/NeedConfigurationHandler.php">
        <class name="App\Service\UnlockStates\NeedConfigurationHandler" namespace="App\Service\UnlockStates">
          <metrics complexity="19" methods="4" coveredmethods="3" conditionals="0" coveredconditionals="0" statements="51" coveredstatements="41" elements="55" coveredelements="44"/>
        </class>
        <line num="21" type="method" name="__construct" visibility="public" complexity="1" crap="1" count="28"/>
        <line num="23" type="stmt" count="28"/>
        <line num="25" type="method" name="handle" visibility="public" complexity="2" crap="6" count="0"/>
        <line num="27" type="stmt" count="0"/>
        <line num="28" type="stmt" count="0"/>
        <line num="29" type="stmt" count="0"/>
        <line num="30" type="stmt" count="0"/>
        <line num="31" type="stmt" count="0"/>
        <line num="33" type="stmt" count="0"/>
        <line num="34" type="stmt" count="0"/>
        <line num="35" type="stmt" count="0"/>
        <line num="36" type="stmt" count="0"/>
        <line num="37" type="stmt" count="0"/>
        <line num="40" type="method" name="isConfigInvalid" visibility="private" complexity="11" crap="11" count="26"/>
        <line num="42" type="stmt" count="26"/>
        <line num="43" type="stmt" count="6"/>
        <line num="46" type="stmt" count="20"/>
        <line num="47" type="stmt" count="20"/>
        <line num="49" type="stmt" count="20"/>
        <line num="50" type="stmt" count="4"/>
        <line num="53" type="stmt" count="16"/>
        <line num="54" type="stmt" count="16"/>
        <line num="55" type="stmt" count="16"/>
        <line num="56" type="stmt" count="3"/>
        <line num="58" type="stmt" count="14"/>
        <line num="59" type="stmt" count="14"/>
        <line num="60" type="stmt" count="14"/>
        <line num="61" type="stmt" count="14"/>
        <line num="62" type="stmt" count="4"/>
        <line num="64" type="stmt" count="10"/>
        <line num="65" type="stmt" count="10"/>
        <line num="66" type="stmt" count="1"/>
        <line num="68" type="stmt" count="9"/>
        <line num="69" type="stmt" count="3"/>
        <line num="71" type="stmt" count="6"/>
        <line num="72" type="stmt" count="1"/>
        <line num="74" type="stmt" count="6"/>
        <line num="78" type="stmt" count="7"/>
        <line num="81" type="method" name="makeConfig" visibility="private" complexity="5" crap="5" count="2"/>
        <line num="83" type="stmt" count="2"/>
        <line num="84" type="stmt" count="2"/>
        <line num="86" type="stmt" count="2"/>
        <line num="87" type="stmt" count="2"/>
        <line num="88" type="stmt" count="2"/>
        <line num="89" type="stmt" count="2"/>
        <line num="90" type="stmt" count="2"/>
        <line num="91" type="stmt" count="2"/>
        <line num="92" type="stmt" count="2"/>
        <line num="93" type="stmt" count="2"/>
        <line num="94" type="stmt" count="2"/>
        <line num="95" type="stmt" count="2"/>
        <line num="96" type="stmt" count="2"/>
        <line num="97" type="stmt" count="2"/>
        <line num="100" type="stmt" count="2"/>
        <line num="103" type="stmt" count="2"/>
        <metrics loc="106" ncloc="106" classes="1" methods="4" coveredmethods="3" conditionals="0" coveredconditionals="0" statements="51" coveredstatements="41" elements="55" coveredelements="44"/>
      </file>
      <file name="/home/runner/work/lockpick_gothic_bot/lockpick_gothic_bot/app/app/Service/UnlockStates/NeedStateHandler.php">
        <class name="App\Service\UnlockStates\NeedStateHandler" namespace="App\Service\UnlockStates">
          <metrics complexity="14" methods="4" coveredmethods="3" conditionals="0" coveredconditionals="0" statements="33" coveredstatements="24" elements="37" coveredelements="27"/>
        </class>
        <line num="19" type="method" name="__construct" visibility="public" complexity="1" crap="1" count="21"/>
        <line num="21" type="stmt" count="21"/>
        <line num="23" type="method" name="handle" visibility="public" complexity="2" crap="6" count="0"/>
        <line num="25" type="stmt" count="0"/>
        <line num="26" type="stmt" count="0"/>
        <line num="27" type="stmt" count="0"/>
        <line num="28" type="stmt" count="0"/>
        <line num="30" type="stmt" count="0"/>
        <line num="31" type="stmt" count="0"/>
        <line num="32" type="stmt" count="0"/>
        <line num="33" type="stmt" count="0"/>
        <line num="34" type="stmt" count="0"/>
        <line num="37" type="method" name="isInvalid" visibility="private" complexity="9" crap="9" count="20"/>
        <line num="39" type="stmt" count="20"/>
        <line num="40" type="stmt" count="6"/>
        <line num="43" type="stmt" count="14"/>
        <line num="44" type="stmt" count="14"/>
        <line num="46" type="stmt" count="14"/>
        <line num="47" type="stmt" count="2"/>
        <line num="50" type="stmt" count="12"/>
        <line num="51" type="stmt" count="1"/>
        <line num="54" type="stmt" count="11"/>
        <line num="55" type="stmt" count="11"/>
        <line num="56" type="stmt" count="11"/>
        <line num="57" type="stmt" count="1"/>
        <line num="59" type="stmt" count="11"/>
        <line num="60" type="stmt" count="2"/>
        <line num="62" type="stmt" count="11"/>
        <line num="63" type="stmt" count="3"/>
        <line num="67" type="stmt" count="5"/>
        <line num="70" type="method" name="makeState" visibility="private" complexity="2" crap="2" count="1"/>
        <line num="72" type="stmt" count="1"/>
        <line num="73" type="stmt" count="1"/>
        <line num="75" type="stmt" count="1"/>
        <line num="76" type="stmt" count="1"/>
        <line num="77" type="stmt" count="1"/>
        <line num="80" type="stmt" count="1"/>
        <metrics loc="83" ncloc="83" classes="1" methods="4" coveredmethods="3" conditionals="0" coveredconditionals="0" statements="33" coveredstatements="24" elements="37" coveredelements="27"/>
      </file>
      <file name="/home/runner/work/lockpick_gothic_bot/lockpick_gothic_bot/app/app/Service/UnlockStates/StartHandler.php">
        <class name="App\Service\UnlockStates\StartHandler" namespace="App\Service\UnlockStates">
          <metrics complexity="2" methods="2" coveredmethods="0" conditionals="0" coveredconditionals="0" statements="13" coveredstatements="0" elements="15" coveredelements="0"/>
        </class>
        <line num="17" type="method" name="__construct" visibility="public" complexity="1" crap="2" count="0"/>
        <line num="19" type="stmt" count="0"/>
        <line num="21" type="method" name="handle" visibility="public" complexity="1" crap="2" count="0"/>
        <line num="24" type="stmt" count="0"/>
        <line num="25" type="stmt" count="0"/>
        <line num="26" type="stmt" count="0"/>
        <line num="27" type="stmt" count="0"/>
        <line num="28" type="stmt" count="0"/>
        <line num="29" type="stmt" count="0"/>
        <line num="30" type="stmt" count="0"/>
        <line num="31" type="stmt" count="0"/>
        <line num="32" type="stmt" count="0"/>
        <line num="33" type="stmt" count="0"/>
        <line num="34" type="stmt" count="0"/>
        <line num="35" type="stmt" count="0"/>
        <metrics loc="38" ncloc="37" classes="1" methods="2" coveredmethods="0" conditionals="0" coveredconditionals="0" statements="13" coveredstatements="0" elements="15" coveredelements="0"/>
      </file>
      <file name="/home/runner/work/lockpick_gothic_bot/lockpick_gothic_bot/app/app/Service/UnlockStates/StepByStepHandler.php">
        <class name="App\Service\UnlockStates\StepByStepHandler" namespace="App\Service\UnlockStates">
          <metrics complexity="15" methods="7" coveredmethods="5" conditionals="0" coveredconditionals="0" statements="55" coveredstatements="53" elements="62" coveredelements="58"/>
        </class>
        <line num="21" type="method" name="__construct" visibility="public" complexity="1" crap="1" count="1"/>
        <line num="25" type="stmt" count="1"/>
        <line num="27" type="method" name="handle" visibility="public" complexity="2" crap="2" count="1"/>
        <line num="29" type="stmt" count="1"/>
        <line num="30" type="stmt" count="1"/>
        <line num="32" type="stmt" count="1"/>
        <line num="36" type="method" name="start" visibility="private" complexity="1" crap="1" count="1"/>
        <line num="38" type="stmt" count="1"/>
        <line num="40" type="stmt" count="1"/>
        <line num="41" type="stmt" count="1"/>
        <line num="42" type="stmt" count="1"/>
        <line num="44" type="stmt" count="1"/>
        <line num="47" type="method" name="nextStep" visibility="private" complexity="3" crap="3" count="1"/>
        <line num="49" type="stmt" count="1"/>
        <line num="51" type="stmt" count="1"/>
        <line num="53" type="stmt" count="1"/>
        <line num="54" type="stmt" count="0"/>
        <line num="57" type="stmt" count="1"/>
        <line num="58" type="stmt" count="1"/>
        <line num="60" type="stmt" count="1"/>
        <line num="62" type="stmt" count="1"/>
        <line num="63" type="stmt" count="1"/>
        <line num="65" type="stmt" count="1"/>
        <line num="66" type="stmt" count="1"/>
        <line num="67" type="stmt" count="1"/>
        <line num="69" type="stmt" count="1"/>
        <line num="70" type="stmt" count="1"/>
        <line num="71" type="stmt" count="1"/>
        <line num="72" type="stmt" count="1"/>
        <line num="73" type="stmt" count="1"/>
        <line num="74" type="stmt" count="1"/>
        <line num="75" type="stmt" count="1"/>
        <line num="76" type="stmt" count="1"/>
        <line num="80" type="method" name="sendStep" visibility="private" complexity="3" crap="3.00" count="1"/>
        <line num="82" type="stmt" count="1"/>
        <line num="84" type="stmt" count="1"/>
        <line num="85" type="stmt" count="0"/>
        <line num="88" type="stmt" count="1"/>
        <line num="90" type="stmt" count="1"/>
        <line num="91" type="stmt" count="1"/>
        <line num="92" type="stmt" count="1"/>
        <line num="93" type="stmt" count="1"/>
        <line num="94" type="stmt" count="1"/>
        <line num="95" type="stmt" count="1"/>
        <line num="96" type="stmt" count="1"/>
        <line num="97" type="stmt" count="1"/>
        <line num="98" type="stmt" count="1"/>
        <line num="101" type="method" name="nextActionAfter" visibility="private" complexity="1" crap="1" count="1"/>
        <line num="103" type="stmt" count="1"/>
        <line num="104" type="stmt" count="1"/>
        <line num="105" type="stmt" count="1"/>
        <line num="106" type="stmt" count="1"/>
        <line num="107" type="stmt" count="1"/>
        <line num="110" type="method" name="renderVisual" visibility="private" complexity="4" crap="4" count="1"/>
        <line num="112" type="stmt" count="1"/>
        <line num="113" type="stmt" count="1"/>
        <line num="115" type="stmt" count="1"/>
        <line num="116" type="stmt" count="1"/>
        <line num="117" type="stmt" count="1"/>
        <line num="118" type="stmt" count="1"/>
        <line num="120" type="stmt" count="1"/>
        <line num="123" type="stmt" count="1"/>
        <metrics loc="126" ncloc="126" classes="1" methods="7" coveredmethods="5" conditionals="0" coveredconditionals="0" statements="55" coveredstatements="53" elements="62" coveredelements="58"/>
      </file>
      <file name="/home/runner/work/lockpick_gothic_bot/lockpick_gothic_bot/app/app/Service/UnlockStates/UnlockHandler.php">
        <class name="App\Service\UnlockStates\UnlockHandler" namespace="App\Service\UnlockStates">
          <metrics complexity="43" methods="14" coveredmethods="12" conditionals="0" coveredconditionals="0" statements="121" coveredstatements="115" elements="135" coveredelements="127"/>
        </class>
        <line num="25" type="method" name="__construct" visibility="public" complexity="1" crap="1" count="6"/>
        <line num="27" type="stmt" count="6"/>
        <line num="29" type="method" name="handle" visibility="public" complexity="2" crap="2" count="6"/>
        <line num="31" type="stmt" count="6"/>
        <line num="32" type="stmt" count="6"/>
        <line num="33" type="stmt" count="6"/>
        <line num="34" type="stmt" count="1"/>
        <line num="35" type="stmt" count="1"/>
        <line num="36" type="stmt" count="1"/>
        <line num="37" type="stmt" count="1"/>
        <line num="38" type="stmt" count="1"/>
        <line num="41" type="stmt" count="5"/>
        <line num="42" type="stmt" count="5"/>
        <line num="43" type="stmt" count="5"/>
        <line num="44" type="stmt" count="5"/>
        <line num="45" type="stmt" count="5"/>
        <line num="47" type="stmt" count="5"/>
        <line num="48" type="stmt" count="5"/>
        <line num="49" type="stmt" count="5"/>
        <line num="50" type="stmt" count="5"/>
        <line num="51" type="stmt" count="5"/>
        <line num="52" type="stmt" count="5"/>
        <line num="55" type="method" name="saveHistory" visibility="private" complexity="4" crap="4" count="5"/>
        <line num="57" type="stmt" count="5"/>
        <line num="58" type="stmt" count="5"/>
        <line num="59" type="stmt" count="4"/>
        <line num="60" type="stmt" count="4"/>
        <line num="63" type="stmt" count="5"/>
        <line num="64" type="stmt" count="5"/>
        <line num="65" type="stmt" count="5"/>
        <line num="66" type="stmt" count="5"/>
        <line num="67" type="stmt" count="5"/>
        <line num="70" type="stmt" count="5"/>
        <line num="71" type="stmt" count="5"/>
        <line num="72" type="stmt" count="5"/>
        <line num="73" type="stmt" count="5"/>
        <line num="74" type="stmt" count="5"/>
        <line num="75" type="stmt" count="5"/>
        <line num="79" type="method" name="isUpAndLeverNumber" visibility="private" complexity="8" crap="8.01" count="5"/>
        <line num="81" type="stmt" count="5"/>
        <line num="82" type="stmt" count="5"/>
        <line num="84" type="stmt" count="5"/>
        <line num="85" type="stmt" count="5"/>
        <line num="88" type="stmt" count="3"/>
        <line num="89" type="stmt" count="3"/>
        <line num="91" type="stmt" count="3"/>
        <line num="92" type="stmt" count="3"/>
        <line num="93" type="stmt" count="3"/>
        <line num="94" type="stmt" count="3"/>
        <line num="95" type="stmt" count="3"/>
        <line num="96" type="stmt" count="3"/>
        <line num="100" type="stmt" count="3"/>
        <line num="101" type="stmt" count="3"/>
        <line num="102" type="stmt" count="3"/>
        <line num="103" type="stmt" count="3"/>
        <line num="104" type="stmt" count="3"/>
        <line num="109" type="stmt" count="0"/>
        <line num="112" type="method" name="unlock" visibility="private" complexity="4" crap="4" count="6"/>
        <line num="114" type="stmt" count="6"/>
        <line num="115" type="stmt" count="6"/>
        <line num="116" type="stmt" count="6"/>
        <line num="117" type="stmt" count="6"/>
        <line num="118" type="stmt" count="6"/>
        <line num="119" type="stmt" count="6"/>
        <line num="120" type="stmt" count="6"/>
        <line num="121" type="stmt" count="6"/>
        <line num="124" type="stmt" count="6"/>
        <line num="125" type="stmt" count="5"/>
        <line num="128" type="stmt" count="5"/>
        <line num="129" type="stmt" count="5"/>
        <line num="130" type="stmt" count="5"/>
        <line num="131" type="stmt" count="5"/>
        <line num="132" type="stmt" count="5"/>
        <line num="135" type="stmt" count="1"/>
        <line num="138" type="method" name="getSuccessLockState" visibility="private" complexity="2" crap="2" count="6"/>
        <line num="141" type="stmt" count="6"/>
        <line num="142" type="stmt" count="6"/>
        <line num="143" type="stmt" count="6"/>
        <line num="145" type="stmt" count="6"/>
        <line num="148" type="method" name="depth" visibility="private" complexity="2" crap="6" count="0"/>
        <line num="150" type="stmt" count="0"/>
        <line num="151" type="stmt" count="0"/>
        <line num="152" type="stmt" count="0"/>
        <line num="153" type="stmt" count="0"/>
        <line num="155" type="stmt" count="0"/>
        <line num="158" type="method" name="finishStates" visibility="private" complexity="4" crap="4" count="5"/>
        <line num="163" type="stmt" count="5"/>
        <line num="164" type="stmt" count="5"/>
        <line num="165" type="stmt" count="5"/>
        <line num="166" type="stmt" count="5"/>
        <line num="167" type="stmt" count="5"/>
        <line num="168" type="stmt" count="5"/>
        <line num="171" type="stmt" count="5"/>
        <line num="172" type="stmt" count="5"/>
        <line num="173" type="stmt" count="5"/>
        <line num="176" type="stmt" count="5"/>
        <line num="179" type="method" name="unlockStep" visibility="private" complexity="3" crap="3" count="5"/>
        <line num="185" type="stmt" count="5"/>
        <line num="186" type="stmt" count="5"/>
        <line num="188" type="stmt" count="5"/>
        <line num="189" type="stmt" count="5"/>
        <line num="190" type="stmt" count="5"/>
        <line num="191" type="stmt" count="5"/>
        <line num="192" type="stmt" count="5"/>
        <line num="194" type="stmt" count="5"/>
        <line num="195" type="stmt" count="5"/>
        <line num="198" type="method" name="inverseDirection" visibility="private" complexity="3" crap="3" count="5"/>
        <line num="201" type="stmt" count="5"/>
        <line num="202" type="stmt" count="5"/>
        <line num="203" type="stmt" count="5"/>
        <line num="204" type="stmt" count="5"/>
        <line num="207" type="method" name="canMove" visibility="private" complexity="3" crap="3" count="5"/>
        <line num="212" type="stmt" count="5"/>
        <line num="213" type="stmt" count="5"/>
        <line num="214" type="stmt" count="5"/>
        <line num="215" type="stmt" count="5"/>
        <line num="218" type="method" name="move" visibility="private" complexity="3" crap="3" count="5"/>
        <line num="223" type="stmt" count="5"/>
        <line num="224" type="stmt" count="5"/>
        <line num="225" type="stmt" count="5"/>
        <line num="226" type="stmt" count="5"/>
        <line num="229" type="method" name="encodeState" visibility="private" complexity="2" crap="2" count="6"/>
        <line num="232" type="stmt" count="6"/>
        <line num="233" type="stmt" count="6"/>
        <line num="235" type="stmt" count="6"/>
        <line num="237" type="stmt" count="6"/>
        <line num="239" type="stmt" count="6"/>
        <line num="242" type="stmt" count="6"/>
        <line num="245" type="method" name="decode" visibility="private" complexity="2" crap="2" count="6"/>
        <line num="249" type="stmt" count="6"/>
        <line num="252" type="stmt" count="6"/>
        <line num="254" type="stmt" count="6"/>
        <line num="255" type="stmt" count="6"/>
        <line num="258" type="stmt" count="6"/>
        <line num="261" type="stmt" count="6"/>
        <metrics loc="264" ncloc="259" classes="1" methods="14" coveredmethods="12" conditionals="0" coveredconditionals="0" statements="121" coveredstatements="115" elements="135" coveredelements="127"/>
      </file>
    </package>
    <package name="App\ValueObjects">
      <file name="/home/runner/work/lockpick_gothic_bot/lockpick_gothic_bot/app/app/ValueObjects/Lock.php">
        <class name="App\ValueObjects\Lock" namespace="App\ValueObjects">
          <metrics complexity="20" methods="12" coveredmethods="12" conditionals="0" coveredconditionals="0" statements="30" coveredstatements="30" elements="42" coveredelements="42"/>
        </class>
        <line num="11" type="method" name="__construct" visibility="public" complexity="1" crap="1" count="16"/>
        <line num="13" type="stmt" count="16"/>
        <line num="15" type="method" name="up" visibility="public" complexity="1" crap="1" count="7"/>
        <line num="17" type="stmt" count="7"/>
        <line num="20" type="method" name="down" visibility="public" complexity="1" crap="1" count="7"/>
        <line num="22" type="stmt" count="7"/>
        <line num="25" type="method" name="move" visibility="private" complexity="3" crap="3" count="9"/>
        <line num="27" type="stmt" count="9"/>
        <line num="28" type="stmt" count="9"/>
        <line num="29" type="stmt" count="9"/>
        <line num="30" type="stmt" count="9"/>
        <line num="31" type="stmt" count="9"/>
        <line num="33" type="stmt" count="9"/>
        <line num="36" type="stmt" count="3"/>
        <line num="41" type="method" name="moveState" visibility="private" complexity="2" crap="2" count="9"/>
        <line num="43" type="stmt" count="9"/>
        <line num="44" type="stmt" count="8"/>
        <line num="46" type="stmt" count="8"/>
        <line num="50" type="method" name="canUp" visibility="public" complexity="1" crap="1" count="8"/>
        <line num="52" type="stmt" count="8"/>
        <line num="55" type="method" name="canDown" visibility="public" complexity="1" crap="1" count="8"/>
        <line num="57" type="stmt" count="8"/>
        <line num="60" type="method" name="canMove" visibility="private" complexity="5" crap="5" count="11"/>
        <line num="62" type="stmt" count="11"/>
        <line num="63" type="stmt" count="11"/>
        <line num="64" type="stmt" count="11"/>
        <line num="65" type="stmt" count="11"/>
        <line num="66" type="stmt" count="11"/>
        <line num="68" type="stmt" count="11"/>
        <line num="71" type="stmt" count="7"/>
        <line num="74" type="stmt" count="11"/>
        <line num="77" type="method" name="canMoveState" visibility="private" complexity="2" crap="2" count="11"/>
        <line num="79" type="stmt" count="11"/>
        <line num="80" type="stmt" count="9"/>
        <line num="82" type="stmt" count="9"/>
        <line num="84" type="stmt" count="11"/>
        <line num="87" type="method" name="stateToArray" visibility="public" complexity="1" crap="1" count="10"/>
        <line num="89" type="stmt" count="10"/>
        <line num="92" type="method" name="leversCount" visibility="public" complexity="1" crap="1" count="6"/>
        <line num="94" type="stmt" count="6"/>
        <line num="97" type="method" name="stateFromArray" visibility="public" complexity="1" crap="1" count="5"/>
        <line num="99" type="stmt" count="5"/>
        <metrics loc="102" ncloc="98" classes="1" methods="12" coveredmethods="12" conditionals="0" coveredconditionals="0" statements="30" coveredstatements="30" elements="42" coveredelements="42"/>
      </file>
    </package>
    <package name="App\ValueObjects\LockConfiguration">
      <file name="/home/runner/work/lockpick_gothic_bot/lockpick_gothic_bot/app/app/ValueObjects/LockConfiguration/LeverAffect.php">
        <class name="App\ValueObjects\LockConfiguration\LeverAffect" namespace="App\ValueObjects\LockConfiguration">
          <metrics complexity="3" methods="3" coveredmethods="3" conditionals="0" coveredconditionals="0" statements="3" coveredstatements="3" elements="6" coveredelements="6"/>
        </class>
        <line num="11" type="method" name="__construct" visibility="public" complexity="1" crap="1" count="18"/>
        <line num="13" type="stmt" count="18"/>
        <line num="15" type="method" name="number" visibility="public" complexity="1" crap="1" count="16"/>
        <line num="17" type="stmt" count="16"/>
        <line num="20" type="method" name="direction" visibility="public" complexity="1" crap="1" count="16"/>
        <line num="22" type="stmt" count="16"/>
        <metrics loc="25" ncloc="25" classes="1" methods="3" coveredmethods="3" conditionals="0" coveredconditionals="0" statements="3" coveredstatements="3" elements="6" coveredelements="6"/>
      </file>
      <file name="/home/runner/work/lockpick_gothic_bot/lockpick_gothic_bot/app/app/ValueObjects/LockConfiguration/LeverConfiguration.php">
        <class name="App\ValueObjects\LockConfiguration\LeverConfiguration" namespace="App\ValueObjects\LockConfiguration">
          <metrics complexity="3" methods="3" coveredmethods="3" conditionals="0" coveredconditionals="0" statements="3" coveredstatements="3" elements="6" coveredelements="6"/>
        </class>
        <line num="12" type="method" name="__construct" visibility="public" complexity="1" crap="1" count="39"/>
        <line num="14" type="stmt" count="39"/>
        <line num="16" type="method" name="number" visibility="public" complexity="1" crap="1" count="38"/>
        <line num="18" type="stmt" count="38"/>
        <line num="21" type="method" name="affects" visibility="public" complexity="1" crap="1" count="39"/>
        <line num="23" type="stmt" count="39"/>
        <metrics loc="26" ncloc="23" classes="1" methods="3" coveredmethods="3" conditionals="0" coveredconditionals="0" statements="3" coveredstatements="3" elements="6" coveredelements="6"/>
      </file>
      <file name="/home/runner/work/lockpick_gothic_bot/lockpick_gothic_bot/app/app/ValueObjects/LockConfiguration/LockConfiguration.php">
        <class name="App\ValueObjects\LockConfiguration\LockConfiguration" namespace="App\ValueObjects\LockConfiguration">
          <metrics complexity="8" methods="4" coveredmethods="3" conditionals="0" coveredconditionals="0" statements="13" coveredstatements="9" elements="17" coveredelements="12"/>
        </class>
        <line num="15" type="method" name="__construct" visibility="public" complexity="1" crap="1" count="39"/>
        <line num="17" type="stmt" count="39"/>
        <line num="20" type="method" name="lever" visibility="public" complexity="3" crap="12" count="0"/>
        <line num="22" type="stmt" count="0"/>
        <line num="23" type="stmt" count="0"/>
        <line num="24" type="stmt" count="0"/>
        <line num="27" type="stmt" count="0"/>
        <line num="30" type="method" name="levers" visibility="public" complexity="1" crap="1" count="29"/>
        <line num="32" type="stmt" count="29"/>
        <line num="35" type="method" name="toArray" visibility="public" complexity="3" crap="3" count="16"/>
        <line num="37" type="stmt" count="16"/>
        <line num="38" type="stmt" count="16"/>
        <line num="39" type="stmt" count="16"/>
        <line num="40" type="stmt" count="16"/>
        <line num="41" type="stmt" count="16"/>
        <line num="43" type="stmt" count="16"/>
        <line num="45" type="stmt" count="16"/>
        <metrics loc="48" ncloc="45" classes="1" methods="4" coveredmethods="3" conditionals="0" coveredconditionals="0" statements="13" coveredstatements="9" elements="17" coveredelements="12"/>
      </file>
    </package>
    <package name="App\ValueObjects\LockState">
      <file name="/home/runner/work/lockpick_gothic_bot/lockpick_gothic_bot/app/app/ValueObjects/LockState/LeverState.php">
        <class name="App\ValueObjects\LockState\LeverState" namespace="App\ValueObjects\LockState">
          <metrics complexity="9" methods="7" coveredmethods="3" conditionals="0" coveredconditionals="0" statements="11" coveredstatements="3" elements="18" coveredelements="6"/>
        </class>
        <line num="16" type="method" name="__construct" visibility="public" complexity="1" crap="1" count="17"/>
        <line num="18" type="stmt" count="17"/>
        <line num="20" type="method" name="canUp" visibility="public" complexity="1" crap="2" count="0"/>
        <line num="22" type="stmt" count="0"/>
        <line num="25" type="method" name="canDown" visibility="public" complexity="1" crap="2" count="0"/>
        <line num="27" type="stmt" count="0"/>
        <line num="30" type="method" name="up" visibility="public" complexity="2" crap="6" count="0"/>
        <line num="32" type="stmt" count="0"/>
        <line num="33" type="stmt" count="0"/>
        <line num="35" type="stmt" count="0"/>
        <line num="38" type="method" name="down" visibility="public" complexity="2" crap="6" count="0"/>
        <line num="40" type="stmt" count="0"/>
        <line num="41" type="stmt" count="0"/>
        <line num="43" type="stmt" count="0"/>
        <line num="46" type="method" name="number" visibility="public" complexity="1" crap="1" count="17"/>
        <line num="48" type="stmt" count="17"/>
        <line num="51" type="method" name="position" visibility="public" complexity="1" crap="1" count="17"/>
        <line num="53" type="stmt" count="17"/>
        <metrics loc="56" ncloc="56" classes="1" methods="7" coveredmethods="3" conditionals="0" coveredconditionals="0" statements="11" coveredstatements="3" elements="18" coveredelements="6"/>
      </file>
      <file name="/home/runner/work/lockpick_gothic_bot/lockpick_gothic_bot/app/app/ValueObjects/LockState/LockState.php">
        <class name="App\ValueObjects\LockState\LockState" namespace="App\ValueObjects\LockState">
          <metrics complexity="9" methods="5" coveredmethods="3" conditionals="0" coveredconditionals="0" statements="15" coveredstatements="6" elements="20" coveredelements="9"/>
        </class>
        <line num="14" type="method" name="__construct" visibility="public" complexity="1" crap="1" count="17"/>
        <line num="16" type="stmt" count="17"/>
        <line num="18" type="method" name="levers" visibility="public" complexity="1" crap="1" count="7"/>
        <line num="20" type="stmt" count="7"/>
        <line num="23" type="method" name="lever" visibility="public" complexity="3" crap="12" count="0"/>
        <line num="25" type="stmt" count="0"/>
        <line num="26" type="stmt" count="0"/>
        <line num="27" type="stmt" count="0"/>
        <line num="30" type="stmt" count="0"/>
        <line num="33" type="method" name="toArray" visibility="public" complexity="2" crap="2" count="16"/>
        <line num="35" type="stmt" count="16"/>
        <line num="36" type="stmt" count="16"/>
        <line num="37" type="stmt" count="16"/>
        <line num="39" type="stmt" count="16"/>
        <line num="42" type="method" name="setFromArray" visibility="public" complexity="2" crap="6" count="0"/>
        <line num="44" type="stmt" count="0"/>
        <line num="45" type="stmt" count="0"/>
        <line num="46" type="stmt" count="0"/>
        <line num="47" type="stmt" count="0"/>
        <line num="49" type="stmt" count="0"/>
        <metrics loc="52" ncloc="49" classes="1" methods="5" coveredmethods="3" conditionals="0" coveredconditionals="0" statements="15" coveredstatements="6" elements="20" coveredelements="9"/>
      </file>
    </package>
    <metrics files="29" loc="1699" ncloc="1538" classes="25" methods="94" coveredmethods="64" conditionals="0" coveredconditionals="0" statements="532" coveredstatements="368" elements="626" coveredelements="432"/>
  </project>
</coverage>
